<?xml version="1.0" encoding="UTF-8" ?>
<testsuite tests="30" failures="0" name="org.n3r.diamond.client.SpecParserTest" time="0.003" errors="0" skipped="0">
  <properties>
[...]
</properties>
  <testcase classname="org.n3r.diamond.client.SpecParserTest" name="test101" time="0"/>
  <testcase classname="org.n3r.diamond.client.SpecParserTest" name="test102" time="0"/>
  <testcase classname="org.n3r.diamond.client.SpecParserTest" name="test211" time="0"/>
  <testcase classname="org.n3r.diamond.client.SpecParserTest" name="testHjy" time="0"/>
  <testcase classname="org.n3r.diamond.client.SpecParserTest" name="test10" time="0"/>
  <testcase classname="org.n3r.diamond.client.SpecParserTest" name="test11" time="0"/>
  <testcase classname="org.n3r.diamond.client.SpecParserTest" name="test12" time="0"/>
  <testcase classname="org.n3r.diamond.client.SpecParserTest" name="test13" time="0"/>
  <testcase classname="org.n3r.diamond.client.SpecParserTest" name="test14" time="0.001"/>
  <testcase classname="org.n3r.diamond.client.SpecParserTest" name="test15" time="0.001"/>
  <testcase classname="org.n3r.diamond.client.SpecParserTest" name="test16" time="0"/>
  <testcase classname="org.n3r.diamond.client.SpecParserTest" name="test17" time="0"/>
  <testcase classname="org.n3r.diamond.client.SpecParserTest" name="test18" time="0"/>
  <testcase classname="org.n3r.diamond.client.SpecParserTest" name="test19" time="0.001"/>
  <testcase classname="org.n3r.diamond.client.SpecParserTest" name="test20" time="0"/>
  <testcase classname="org.n3r.diamond.client.SpecParserTest" name="test21" time="0"/>
  <testcase classname="org.n3r.diamond.client.SpecParserTest" name="test22" time="0"/>
  <testcase classname="org.n3r.diamond.client.SpecParserTest" name="test23" time="0"/>
  <testcase classname="org.n3r.diamond.client.SpecParserTest" name="test24" time="0"/>
  <testcase classname="org.n3r.diamond.client.SpecParserTest" name="test40" time="0"/>
  <testcase classname="org.n3r.diamond.client.SpecParserTest" name="test41" time="0"/>
  <testcase classname="org.n3r.diamond.client.SpecParserTest" name="test1" time="0"/>
  <testcase classname="org.n3r.diamond.client.SpecParserTest" name="test2" time="0"/>
  <testcase classname="org.n3r.diamond.client.SpecParserTest" name="test3" time="0"/>
  <testcase classname="org.n3r.diamond.client.SpecParserTest" name="test4" time="0"/>
  <testcase classname="org.n3r.diamond.client.SpecParserTest" name="test5" time="0"/>
  <testcase classname="org.n3r.diamond.client.SpecParserTest" name="test6" time="0"/>
  <testcase classname="org.n3r.diamond.client.SpecParserTest" name="test7" time="0"/>
  <testcase classname="org.n3r.diamond.client.SpecParserTest" name="test8" time="0"/>
  <testcase classname="org.n3r.diamond.client.SpecParserTest" name="test9" time="0"/>
</testsuite>